This is pdfTeX, Version 3.1415926-1.40.10 (TeX Live 2009/Debian) (format=pdfetex 2013.4.7)  16 MAY 2013 17:10
entering extended mode
 file:line:error style messages enabled.
 %&-line parsing enabled.
**\catcode126=12 \def\normaltilde{~}\catcode126=13 \let~\normaltilde  \input ./
texinfo/ocamorph.texinfo
(./texinfo/ocamorph.texinfo (/usr/share/texmf/tex/texinfo/texinfo.tex
Loading texinfo [version 2008-04-18.10]:
\bindingoffset=\dimen16
\normaloffset=\dimen17
\pagewidth=\dimen18
\pageheight=\dimen19
\outerhsize=\dimen20
\outervsize=\dimen21
\cornerlong=\dimen22
\cornerthick=\dimen23
\topandbottommargin=\dimen24
\headlinebox=\box16
\footlinebox=\box17
\margin=\insert252
\EMsimple=\toks13
\groupbox=\box18
\groupinvalidhelp=\toks14
\mil=\dimen25
\exdentamount=\skip18
\inmarginspacing=\skip19
 pdf,
\tempnum=\count27
\lnkcount=\count28
\filename=\toks15
\filenamelength=\count29
\pgn=\count30
\toksA=\toks16
\toksB=\toks17
\toksC=\toks18
\toksD=\toks19
\boxA=\box19
\countA=\count31
\nopdfimagehelp=\toks20
 fonts,
\sffam=\fam8
\textleading=\dimen26
\fontdepth=\count32
 page headings,
\titlepagetopglue=\skip20
\titlepagebottomglue=\skip21
\evenheadline=\toks21
\oddheadline=\toks22
\evenfootline=\toks23
\oddfootline=\toks24
 tables,
\tableindent=\dimen27
\itemindent=\dimen28
\itemmargin=\dimen29
\itemmax=\dimen30
\itemno=\count33
\multitableparskip=\skip22
\multitableparindent=\skip23
\multitablecolspace=\dimen31
\multitablelinespace=\skip24
\colcount=\count34
\everytab=\toks25

conditionals,
\doignorecount=\count35
 indexing,
\whatsitskip=\skip25
\whatsitpenalty=\count36
\secondaryindent=\skip26
\partialpage=\box20
\doublecolumnhsize=\dimen32
 sectioning,
\unnumberedno=\count37
\chapno=\count38
\secno=\count39
\subsecno=\count40
\subsubsecno=\count41
\appendixno=\count42
\absseclevel=\count43
\secbase=\count44
\chapheadingskip=\skip27
\secheadingskip=\skip28
\subsecheadingskip=\skip29
 toc,
\tocfile=\write0
\contentsrightmargin=\skip30
\savepageno=\count45
\lastnegativepageno=\count46
\tocindent=\dimen33
 environments,
\errorbox=\box21
\lispnarrowing=\skip31
\envskipamount=\skip32
\circthick=\dimen34
\cartouter=\dimen35
\cartinner=\dimen36
\normbskip=\skip33
\normpskip=\skip34
\normlskip=\skip35
\lskip=\skip36
\rskip=\skip37
\tabw=\dimen37
 defuns,
\defbodyindent=\skip38
\defargsindent=\skip39
\deflastargmargin=\skip40
\defunpenalty=\count47
\parencount=\count48
\brackcount=\count49
 macros,
\paramno=\count50
\macname=\toks26

cross references,
\auxfile=\write1
\savesfregister=\count51
 insertions,
\footnoteno=\count52
\SAVEfootins=\box22
\SAVEmargin=\box23

(/usr/share/texmf-texlive/tex/generic/epsf/epsf.tex
This is `epsf.tex' v2.7.3 <23 July 2005>
\epsffilein=\read1
\epsfframemargin=\dimen38
\epsfframethickness=\dimen39
\epsfrsize=\dimen40
\epsftmp=\dimen41
\epsftsize=\dimen42
\epsfxsize=\dimen43
\epsfysize=\dimen44
\pspoints=\dimen45
)
\noepsfhelp=\toks27
 localization,
\nolanghelp=\toks28
\countUTFx=\count53
\countUTFy=\count54
\countUTFz=\count55
 formatting,
\defaultparindent=\dimen46
 and turning on texinfo input format.)
(./ocamorph.aux)
\openout1 = `ocamorph.aux'.

@cpindfile=@write2
@fnindfile=@write3
@vrindfile=@write4
@tpindfile=@write5
@kyindfile=@write6
@pgindfile=@write7
 (/usr/share/texmf/tex/texinfo/txi-en.tex) [1
\openout2 = `ocamorph.cp'.

\openout3 = `ocamorph.fn'.

\openout4 = `ocamorph.vr'.

\openout5 = `ocamorph.tp'.

\openout6 = `ocamorph.ky'.

\openout7 = `ocamorph.pg'.

{/var/lib/texmf/fonts/map/pdftex/updmap/pdftex.map}] [2] (./ocamorph.toc [-1]) 
[-2]
(./ocamorph.toc) (./ocamorph.toc)
@kwindfile=@write8
@fiindfile=@write9
@quindfile=@write10

(/home/mm/NLP-tools/hun_/hunmorph/ocamorph/doc/texinfo/introduction.texi
Chapter 1
\openout0 = `ocamorph.toc'.

 [1
\openout8 = `ocamorph.kw'.

\openout9 = `ocamorph.fi'.

\openout10 = `ocamorph.qu'.

])
(/home/mm/NLP-tools/hun_/hunmorph/ocamorph/doc/texinfo/license.texi Chapter 2
[2]) (/home/mm/NLP-tools/hun_/hunmorph/ocamorph/doc/texinfo/about.texi
Chapter 3 [3]
Overfull \hbox (371.19629pt too wide) in paragraph at lines 72--72
[][] |

@hbox(7.60416+2.43333)x433.62
.@hbox(0.0+0.0)x0.0
.@hbox(7.60416+2.43333)x804.81628
..@penalty 10000
..@glue 5.74869
..@penalty 10000
..@glue 5.74869
..@texttt a
..etc.
.@penalty 10000
.@glue(@parfillskip) 0.0 plus 1.0fil
.@glue(@rightskip) 0.0
.etc.

[4]) (/home/mm/NLP-tools/hun_/hunmorph/ocamorph/doc/texinfo/installation.texi
Chapter 4 [5]
Overfull \hbox (9.19307pt too wide) in paragraph at lines 66--70
 [][][]@texttt http://www.ai.univie.ac.at/~markus/home/ocaml_sources.html#OCaml
Makefile[][][]|

@hbox(7.60416+2.43333)x433.62
.@glue(@leftskip) 28.90755
.@hbox(0.0+0.0)x0.0
.@pdfliteral{0.28 1 1 0.35 k}
.@pdfstartlink(*+*)x* attr{/Border [0 0 0]} action user{/Subtype /Link /A << /S
 /URI /URI (http://www.ai.univie.ac.at/~markus@ETC.}


Underfull \hbox (badness 10000) in paragraph at lines 66--70
 

@hbox(0.0+0.0)x433.62
.@glue(@leftskip) 28.90755
.@penalty -10000
.@glue(@rightskip) 0.0

[6] [7] [8])
(/home/mm/NLP-tools/hun_/hunmorph/ocamorph/doc/texinfo/bootstrapping.texi
Chapter 5 [9])
(/home/mm/NLP-tools/hun_/hunmorph/ocamorph/doc/texinfo/command-line_control.tex
i Chapter 6 [10] [11]
Overfull \hbox (89.6747pt too wide) in paragraph at lines 108--108
 []@texttt $ echo | ocamorph --aff ./morphdb_en.aff --dic ./morphdb_en.dic --bi
n ./morphdb_en.bin[] |

@hbox(7.60416+2.43333)x433.62
.@glue(@leftskip) 28.90755
.@hbox(0.0+0.0)x0.0
.@texttt $
.@penalty 10000
.@glue 5.74869
.etc.

[12] [13]
Overfull \hbox (26.43913pt too wide) in paragraph at lines 266--266
 []@texttt $ cat text|tr -s ' ' '\n' | sort | uniq -c | sed 's/^ *//' | tr ' ' 
'\t' |\[] |

@hbox(7.60416+2.43333)x433.62
.@glue(@leftskip) 28.90755
.@hbox(0.0+0.0)x0.0
.@texttt $
.@penalty 10000
.@glue 5.74869
.etc.


Overfull \hbox (32.18782pt too wide) in paragraph at lines 267--267
 [] @texttt ocamorph --bin ./morphdb_en.bin --field 2 --tag_sep ' ' --tag_pream
ble '' \[] |

@hbox(7.60416+2.43333)x433.62
.@glue(@leftskip) 28.90755
.@hbox(0.0+0.0)x0.0
.@penalty 10000
.@glue 5.74869
.@texttt o
.etc.

(/home/mm/NLP-tools/hun_/hunmorph/ocamorph/doc/texinfo/ocamorph.man
Overfull \hbox (14.77765pt too wide) in paragraph at lines 1--1
[][][][][][][][] |

@hbox(7.60416+0.91246)x433.62
.@hbox(0.0+0.0)x0.0
.@hbox(7.60416+0.91246)x91.979
..@texttt O
..@texttt C
..@texttt A
..@texttt M
..@texttt O
..etc.
.@hbox(0.0+0.0)x45.9895
.@hbox(0.0+0.0)x45.9895
.@hbox(6.69167+0.0)x91.979
..@penalty 10000
..@glue 5.74869
..@texttt U
..@texttt s
..@texttt e
..etc.
.etc.

[14]
Overfull \hbox (14.77765pt too wide) in paragraph at lines 25--25
[][][][] |

@hbox(7.60416+2.43333)x433.62
.@hbox(0.0+0.0)x0.0
.@hbox(0.0+0.0)x45.9895
.@hbox(6.69167+0.0)x91.979
..@penalty 10000
..@glue 5.74869
..@penalty 10000
..@glue 5.74869
..@penalty 10000
..etc.
.@hbox(7.60416+2.43333)x310.42914
..@texttt t
..@texttt h
..@texttt e
..@penalty 10000
..@glue 5.74869
..etc.
.@penalty 10000
.etc.

[15]
Overfull \hbox (14.77765pt too wide) in paragraph at lines 69--69
[][] |

@hbox(6.69167+2.43333)x433.62
.@hbox(0.0+0.0)x0.0
.@hbox(6.69167+2.43333)x448.39764
..@penalty 10000
..@glue 5.74869
..@penalty 10000
..@glue 5.74869
..@penalty 10000
..etc.
.@penalty 10000
.@glue(@parfillskip) 0.0 plus 1.0fil
.@glue(@rightskip) 0.0
.etc.


Overfull \hbox (14.77765pt too wide) in paragraph at lines 70--70
[][] |

@hbox(6.69167+2.43333)x433.62
.@hbox(0.0+0.0)x0.0
.@hbox(6.69167+2.43333)x448.39764
..@penalty 10000
..@glue 5.74869
..@penalty 10000
..@glue 5.74869
..@penalty 10000
..etc.
.@penalty 10000
.@glue(@parfillskip) 0.0 plus 1.0fil
.@glue(@rightskip) 0.0
.etc.


Overfull \hbox (14.77765pt too wide) in paragraph at lines 79--79
[][][][][][][][] |

@hbox(7.60416+2.43333)x433.62
.@hbox(0.0+0.0)x0.0
.@hbox(6.69167+2.43333)x91.979
..@texttt o
..@texttt c
..@texttt a
..@texttt m
..@texttt o
..etc.
.@hbox(0.0+0.0)x45.9895
.@hbox(0.0+0.0)x45.9895
.@hbox(6.69167+0.0)x91.979
..@penalty 10000
..@glue 5.74869
..@texttt D
..@texttt e
..@texttt c
..etc.
.etc.

))
(/home/mm/NLP-tools/hun_/hunmorph/ocamorph/doc/texinfo/resource_specification.t
exi Chapter 7 [16])
(/home/mm/NLP-tools/hun_/hunmorph/ocamorph/doc/texinfo/related_software.texi
Chapter 8 [17])
(/home/mm/NLP-tools/hun_/hunmorph/ocamorph/doc/texinfo/cpindex.texi
(Concept Index) [18] (./ocamorph.cps))
(/home/mm/NLP-tools/hun_/hunmorph/ocamorph/doc/texinfo/fiindex.texi
(Files Index) [19] (./ocamorph.fis))
(/home/mm/NLP-tools/hun_/hunmorph/ocamorph/doc/texinfo/vrindex.texi
(Variables and Options Index) [20] (./ocamorph.vrs))
(/home/mm/NLP-tools/hun_/hunmorph/ocamorph/doc/texinfo/kwindex.texi
(Control Flags Index) [21])
(/home/mm/NLP-tools/hun_/hunmorph/ocamorph/doc/texinfo/quindex.texi
(Frequently Asked Questions) [22] (./ocamorph.qus)) [23] ) 
Here is how much of TeX's memory you used:
 2013 strings out of 497129
 26863 string characters out of 1207600
 83246 words of memory out of 3000000
 2981 multiletter control sequences out of 15000+50000
 32127 words of font info for 112 fonts, out of 3000000 for 9000
 51 hyphenation exceptions out of 8191
 16i,5n,18p,369b,477s stack positions out of 5000i,500n,10000p,200000b,50000s
</usr/share/texmf-tex
live/fonts/type1/public/amsfonts/cm/cmb10.pfb></usr/share/texmf-texlive/fonts/t
ype1/public/amsfonts/cm/cmbx12.pfb></usr/share/texmf-texlive/fonts/type1/public
/amsfonts/cm/cmmi10.pfb></usr/share/texmf-texlive/fonts/type1/public/amsfonts/c
m/cmmi12.pfb></usr/share/texmf-texlive/fonts/type1/public/amsfonts/cm/cmmi9.pfb
></usr/share/texmf-texlive/fonts/type1/public/amsfonts/cm/cmr10.pfb></usr/share
/texmf-texlive/fonts/type1/public/amsfonts/cm/cmr9.pfb></usr/share/texmf-texliv
e/fonts/type1/public/amsfonts/cm/cmsl10.pfb></usr/share/texmf-texlive/fonts/typ
e1/public/amsfonts/cm/cmsltt10.pfb></usr/share/texmf-texlive/fonts/type1/public
/amsfonts/cm/cmsy10.pfb></usr/share/texmf-texlive/fonts/type1/public/amsfonts/c
m/cmti10.pfb></usr/share/texmf-texlive/fonts/type1/public/amsfonts/cm/cmtt10.pf
b></usr/share/texmf-texlive/fonts/type1/public/amsfonts/cm/cmtt9.pfb>
Output written on ocamorph.pdf (27 pages, 288012 bytes).
PDF statistics:
 586 PDF objects out of 1000 (max. 8388607)
 74 named destinations out of 1000 (max. 500000)
 405 words of extra memory for PDF output out of 10000 (max. 10000000)

